<?xml version="1.0" encoding="UTF-8"?>
<!-- Generated by org.testng.reporters.JUnitXMLReporter -->
<testsuite ignored="0" hostname="DESKTOP-0BH1UMI" failures="0" tests="5" name="Default test" time="64.325" errors="0" timestamp="2024-04-03T18:33:22 IST">
  <testcase classname="org.selenium.tests.LoginPageInvalidCredentialsTest" name="loginWithInvalidCredentialsValidation" time="6.111"/>
  <testcase classname="org.selenium.tests.LoginPageInvalidCredentialsTest" name="loginWithInvalidCredentialsValidation" time="5.753"/>
  <testcase classname="org.selenium.tests.LoginPageInvalidCredentialsTest" name="loginWithInvalidCredentialsValidation" time="5.387"/>
  <testcase classname="org.selenium.tests.LoginPageInvalidCredentialsTest" name="loginWithInvalidCredentialsValidation" time="3.037"/>
  <testcase classname="org.selenium.tests.LoginPageInvalidCredentialsTest" name="loginWithInvalidCredentialsValidation" time="4.604"/>
</testsuite> <!-- Default test -->
