<?xml version="1.0" encoding="UTF-8"?>
<!-- Generated by org.testng.reporters.JUnitXMLReporter -->
<testsuite ignored="0" hostname="DESKTOP-0BH1UMI" failures="0" tests="0" name="Regression Tests execution over Opera    Browser" time="1.881" errors="0" timestamp="2024-04-01T22:17:53 IST">
  <testcase classname="org.selenium.base.BaseTest" name="@BeforeMethod startDriver" time="0.084">
    <failure type="java.lang.IllegalArgumentException" message="Invalid Driver: OPERA">
      <![CDATA[java.lang.IllegalArgumentException: Invalid Driver: OPERA
at org.selenium.driver.DriverManagerFactory.getManager(DriverManagerFactory.java:28)
at org.selenium.base.BaseTest.startDriver(BaseTest.java:55)
at java.base/java.util.concurrent.ThreadPoolExecutor.runWorker(ThreadPoolExecutor.java:1136)
at java.base/java.util.concurrent.ThreadPoolExecutor$Worker.run(ThreadPoolExecutor.java:635)
at java.base/java.lang.Thread.run(Thread.java:833)
... Removed 16 stack frames]]>
    </failure>
  </testcase> <!-- @BeforeMethod startDriver -->
  <testcase classname="org.selenium.base.BaseTest" name="@BeforeMethod startDriver" time="0.087">
    <failure type="java.lang.IllegalArgumentException" message="Invalid Driver: OPERA">
      <![CDATA[java.lang.IllegalArgumentException: Invalid Driver: OPERA
at org.selenium.driver.DriverManagerFactory.getManager(DriverManagerFactory.java:28)
at org.selenium.base.BaseTest.startDriver(BaseTest.java:55)
at java.base/java.util.concurrent.ThreadPoolExecutor.runWorker(ThreadPoolExecutor.java:1136)
at java.base/java.util.concurrent.ThreadPoolExecutor$Worker.run(ThreadPoolExecutor.java:635)
at java.base/java.lang.Thread.run(Thread.java:833)
... Removed 16 stack frames]]>
    </failure>
  </testcase> <!-- @BeforeMethod startDriver -->
  <testcase classname="org.selenium.base.BaseTest" name="@BeforeMethod startDriver" time="0.005">
    <failure type="java.lang.IllegalArgumentException" message="Invalid Driver: OPERA">
      <![CDATA[java.lang.IllegalArgumentException: Invalid Driver: OPERA
at org.selenium.driver.DriverManagerFactory.getManager(DriverManagerFactory.java:28)
at org.selenium.base.BaseTest.startDriver(BaseTest.java:55)
at java.base/java.util.concurrent.ThreadPoolExecutor.runWorker(ThreadPoolExecutor.java:1136)
at java.base/java.util.concurrent.ThreadPoolExecutor$Worker.run(ThreadPoolExecutor.java:635)
at java.base/java.lang.Thread.run(Thread.java:833)
... Removed 16 stack frames]]>
    </failure>
  </testcase> <!-- @BeforeMethod startDriver -->
  <testcase classname="org.selenium.base.BaseTest" name="@BeforeMethod startDriver" time="0.004">
    <failure type="java.lang.IllegalArgumentException" message="Invalid Driver: OPERA">
      <![CDATA[java.lang.IllegalArgumentException: Invalid Driver: OPERA
at org.selenium.driver.DriverManagerFactory.getManager(DriverManagerFactory.java:28)
at org.selenium.base.BaseTest.startDriver(BaseTest.java:55)
at java.base/java.util.concurrent.ThreadPoolExecutor.runWorker(ThreadPoolExecutor.java:1136)
at java.base/java.util.concurrent.ThreadPoolExecutor$Worker.run(ThreadPoolExecutor.java:635)
at java.base/java.lang.Thread.run(Thread.java:833)
... Removed 16 stack frames]]>
    </failure>
  </testcase> <!-- @BeforeMethod startDriver -->
  <testcase classname="org.selenium.base.BaseTest" name="@BeforeMethod startDriver" time="-1.711990073362E9">
    <skipped/>
  </testcase> <!-- @BeforeMethod startDriver -->
  <testcase classname="org.selenium.base.BaseTest" name="@BeforeMethod startDriver" time="-1.711990073401E9">
    <skipped/>
  </testcase> <!-- @BeforeMethod startDriver -->
  <testcase classname="org.selenium.base.BaseTest" name="@BeforeMethod startDriver" time="-1.711990073421E9">
    <skipped/>
  </testcase> <!-- @BeforeMethod startDriver -->
  <testcase classname="org.selenium.base.BaseTest" name="@BeforeMethod startDriver" time="-1.711990073436E9">
    <skipped/>
  </testcase> <!-- @BeforeMethod startDriver -->
</testsuite> <!-- Regression Tests execution over Opera    Browser -->
