<?xml version="1.0" encoding="UTF-8"?>
<!-- Generated by org.testng.reporters.JUnitXMLReporter -->
<testsuite ignored="0" hostname="DESKTOP-0BH1UMI" failures="0" tests="21" name="Regression Tests execution over chrome Browser" time="299.395" errors="0" timestamp="2024-04-04T12:37:22 IST">
  <testcase classname="org.selenium.tests.CheckoutPageValidationTest" name="CheckOutValidation" time="12.232"/>
  <testcase classname="org.selenium.tests.CheckoutPageValidationTest" name="CheckOutValidation" time="10.916"/>
  <testcase classname="org.selenium.tests.CheckoutPageValidationTest" name="CheckOutValidation" time="9.864"/>
  <testcase classname="org.selenium.tests.CheckoutPageValidationTest" name="CheckOutValidation" time="7.892"/>
  <testcase classname="org.selenium.tests.CheckoutPageValidationTest" name="CheckOutValidation" time="9.331"/>
  <testcase classname="org.selenium.tests.CheckoutPageValidationTest" name="CheckOutValidation" time="8.483"/>
  <testcase classname="org.selenium.tests.CheckoutPageValidationTest" name="CheckOutValidation" time="9.592"/>
  <testcase classname="org.selenium.tests.LoginPageInvalidCredentialsTest" name="loginWithInvalidCredentialsValidation" time="3.668"/>
  <testcase classname="org.selenium.tests.LoginPageInvalidCredentialsTest" name="loginWithInvalidCredentialsValidation" time="3.067"/>
  <testcase classname="org.selenium.tests.LoginPageInvalidCredentialsTest" name="loginWithInvalidCredentialsValidation" time="3.421"/>
  <testcase classname="org.selenium.tests.LoginPageInvalidCredentialsTest" name="loginWithInvalidCredentialsValidation" time="2.817"/>
  <testcase classname="org.selenium.tests.LoginPageInvalidCredentialsTest" name="loginWithInvalidCredentialsValidation" time="5.323"/>
  <testcase classname="org.selenium.tests.LoginPageLogoutTest" name="loginAndLogout" time="14.588"/>
  <testcase classname="org.selenium.tests.LoginPageMultipleCredentialsTest" name="loginWithMultipleCredentials" time="8.002"/>
  <testcase classname="org.selenium.tests.LoginPageMultipleCredentialsTest" name="loginWithMultipleCredentials" time="5.467"/>
  <testcase classname="org.selenium.tests.LoginPageMultipleCredentialsTest" name="loginWithMultipleCredentials" time="10.789"/>
  <testcase classname="org.selenium.tests.LoginPageMultipleCredentialsTest" name="loginWithMultipleCredentials" time="5.916"/>
  <testcase classname="org.selenium.tests.LoginPageMultipleCredentialsTest" name="loginWithMultipleCredentials" time="6.871"/>
  <testcase classname="org.selenium.tests.LoginPageValidCredentialsTest" name="loginWithValidCredentials" time="3.692"/>
  <testcase classname="org.selenium.tests.ProductPageAddToCartTest" name="AddToCartValidation" time="7.798"/>
  <testcase classname="org.selenium.tests.ProductPagePriceValidationTest" name="PriceDropdownValidation" time="9.181"/>
</testsuite> <!-- Regression Tests execution over chrome Browser -->
