<?xml version="1.0" encoding="UTF-8"?>
<testng-results ignored="0" total="1" passed="1" failed="0" skipped="0">
  <reporter-output>
  </reporter-output>
  <suite started-at="2024-04-19T23:57:03 IST" name="Default suite" finished-at="2024-04-19T23:57:30 IST" duration-ms="27286">
    <groups>
    </groups>
    <test started-at="2024-04-19T23:57:03 IST" name="Default test" finished-at="2024-04-19T23:57:30 IST" duration-ms="27286">
      <class name="org.selenium.tests.LoginPageLogoutTest">
        <test-method is-config="true" signature="startDriver(java.lang.String)[pri:0, instance:org.selenium.tests.LoginPageLogoutTest@35835e65]" started-at="2024-04-19T23:57:03 IST" name="startDriver" finished-at="2024-04-19T23:57:15 IST" duration-ms="11672" status="PASS">
          <params>
            <param index="0">
              <value is-null="true"/>
            </param>
          </params>
          <reporter-output>
          </reporter-output>
        </test-method> <!-- startDriver -->
        <test-method signature="loginAndLogout()[pri:0, instance:org.selenium.tests.LoginPageLogoutTest@35835e65]" started-at="2024-04-19T23:57:15 IST" name="loginAndLogout" finished-at="2024-04-19T23:57:28 IST" duration-ms="12626" status="PASS">
          <reporter-output>
          </reporter-output>
        </test-method> <!-- loginAndLogout -->
        <test-method is-config="true" signature="quitDriver(java.lang.String, org.testng.ITestResult)[pri:0, instance:org.selenium.tests.LoginPageLogoutTest@35835e65]" started-at="2024-04-19T23:57:28 IST" name="quitDriver" finished-at="2024-04-19T23:57:30 IST" duration-ms="2018" status="PASS">
          <params>
            <param index="0">
              <value is-null="true"/>
            </param>
            <param index="1">
              <value>
                <![CDATA[[TestResult name=loginAndLogout status=SUCCESS method=LoginPageLogoutTest.loginAndLogout()[pri:0, instance:org.selenium.tests.LoginPageLogoutTest@35835e65] output={null}]]]>
              </value>
            </param>
          </params>
          <reporter-output>
          </reporter-output>
        </test-method> <!-- quitDriver -->
      </class> <!-- org.selenium.tests.LoginPageLogoutTest -->
    </test> <!-- Default test -->
  </suite> <!-- Default suite -->
</testng-results>
