<?xml version="1.0" encoding="UTF-8"?>
<testng-results ignored="0" total="21" passed="21" failed="0" skipped="0">
  <reporter-output>
  </reporter-output>
  <suite started-at="2024-04-04T12:32:22 IST" name="Automation Test Suite" finished-at="2024-04-04T12:37:22 IST" duration-ms="299395">
    <groups>
    </groups>
    <test started-at="2024-04-04T12:32:22 IST" name="Regression Tests execution over chrome Browser" finished-at="2024-04-04T12:37:22 IST" duration-ms="299395">
      <class name="org.selenium.tests.LoginPageValidCredentialsTest">
        <test-method is-config="true" signature="startDriver(java.lang.String)[pri:0, instance:org.selenium.tests.LoginPageValidCredentialsTest@2c2db130]" started-at="2024-04-04T12:36:44 IST" name="startDriver" finished-at="2024-04-04T12:36:48 IST" duration-ms="4245" status="PASS">
          <params>
            <param index="0">
              <value>
                <![CDATA[EDGE]]>
              </value>
            </param>
          </params>
          <reporter-output>
          </reporter-output>
        </test-method> <!-- startDriver -->
        <test-method signature="loginWithValidCredentials()[pri:0, instance:org.selenium.tests.LoginPageValidCredentialsTest@2c2db130]" started-at="2024-04-04T12:36:48 IST" name="loginWithValidCredentials" finished-at="2024-04-04T12:36:52 IST" duration-ms="3692" status="PASS">
          <reporter-output>
          </reporter-output>
        </test-method> <!-- loginWithValidCredentials -->
        <test-method is-config="true" signature="quitDriver(java.lang.String, org.testng.ITestResult)[pri:0, instance:org.selenium.tests.LoginPageValidCredentialsTest@2c2db130]" started-at="2024-04-04T12:36:52 IST" name="quitDriver" finished-at="2024-04-04T12:36:53 IST" duration-ms="1574" status="PASS">
          <params>
            <param index="0">
              <value>
                <![CDATA[EDGE]]>
              </value>
            </param>
            <param index="1">
              <value>
                <![CDATA[[TestResult name=loginWithValidCredentials status=SUCCESS method=LoginPageValidCredentialsTest.loginWithValidCredentials()[pri:0, instance:org.selenium.tests.LoginPageValidCredentialsTest@2c2db130] output={null}]]]>
              </value>
            </param>
          </params>
          <reporter-output>
          </reporter-output>
        </test-method> <!-- quitDriver -->
      </class> <!-- org.selenium.tests.LoginPageValidCredentialsTest -->
      <class name="org.selenium.tests.ProductPagePriceValidationTest">
        <test-method is-config="true" signature="startDriver(java.lang.String)[pri:0, instance:org.selenium.tests.ProductPagePriceValidationTest@348d18a3]" started-at="2024-04-04T12:37:06 IST" name="startDriver" finished-at="2024-04-04T12:37:11 IST" duration-ms="4600" status="PASS">
          <params>
            <param index="0">
              <value>
                <![CDATA[EDGE]]>
              </value>
            </param>
          </params>
          <reporter-output>
          </reporter-output>
        </test-method> <!-- startDriver -->
        <test-method signature="PriceDropdownValidation()[pri:0, instance:org.selenium.tests.ProductPagePriceValidationTest@348d18a3]" started-at="2024-04-04T12:37:11 IST" name="PriceDropdownValidation" finished-at="2024-04-04T12:37:20 IST" duration-ms="9181" status="PASS">
          <reporter-output>
          </reporter-output>
        </test-method> <!-- PriceDropdownValidation -->
        <test-method is-config="true" signature="quitDriver(java.lang.String, org.testng.ITestResult)[pri:0, instance:org.selenium.tests.ProductPagePriceValidationTest@348d18a3]" started-at="2024-04-04T12:37:20 IST" name="quitDriver" finished-at="2024-04-04T12:37:22 IST" duration-ms="1576" status="PASS">
          <params>
            <param index="0">
              <value>
                <![CDATA[EDGE]]>
              </value>
            </param>
            <param index="1">
              <value>
                <![CDATA[[TestResult name=PriceDropdownValidation status=SUCCESS method=ProductPagePriceValidationTest.PriceDropdownValidation()[pri:0, instance:org.selenium.tests.ProductPagePriceValidationTest@348d18a3] output={null}]]]>
              </value>
            </param>
          </params>
          <reporter-output>
          </reporter-output>
        </test-method> <!-- quitDriver -->
      </class> <!-- org.selenium.tests.ProductPagePriceValidationTest -->
      <class name="org.selenium.tests.ProductPageAddToCartTest">
        <test-method is-config="true" signature="startDriver(java.lang.String)[pri:0, instance:org.selenium.tests.ProductPageAddToCartTest@327c7bea]" started-at="2024-04-04T12:36:53 IST" name="startDriver" finished-at="2024-04-04T12:36:56 IST" duration-ms="3080" status="PASS">
          <params>
            <param index="0">
              <value>
                <![CDATA[EDGE]]>
              </value>
            </param>
          </params>
          <reporter-output>
          </reporter-output>
        </test-method> <!-- startDriver -->
        <test-method signature="AddToCartValidation()[pri:0, instance:org.selenium.tests.ProductPageAddToCartTest@327c7bea]" started-at="2024-04-04T12:36:57 IST" name="AddToCartValidation" finished-at="2024-04-04T12:37:04 IST" duration-ms="7798" status="PASS">
          <reporter-output>
          </reporter-output>
        </test-method> <!-- AddToCartValidation -->
        <test-method is-config="true" signature="quitDriver(java.lang.String, org.testng.ITestResult)[pri:0, instance:org.selenium.tests.ProductPageAddToCartTest@327c7bea]" started-at="2024-04-04T12:37:04 IST" name="quitDriver" finished-at="2024-04-04T12:37:06 IST" duration-ms="1863" status="PASS">
          <params>
            <param index="0">
              <value>
                <![CDATA[EDGE]]>
              </value>
            </param>
            <param index="1">
              <value>
                <![CDATA[[TestResult name=AddToCartValidation status=SUCCESS method=ProductPageAddToCartTest.AddToCartValidation()[pri:0, instance:org.selenium.tests.ProductPageAddToCartTest@327c7bea] output={null}]]]>
              </value>
            </param>
          </params>
          <reporter-output>
          </reporter-output>
        </test-method> <!-- quitDriver -->
      </class> <!-- org.selenium.tests.ProductPageAddToCartTest -->
      <class name="org.selenium.tests.LoginPageMultipleCredentialsTest">
        <test-method is-config="true" signature="startDriver(java.lang.String)[pri:0, instance:org.selenium.tests.LoginPageMultipleCredentialsTest@78b41097]" started-at="2024-04-04T12:35:39 IST" name="startDriver" finished-at="2024-04-04T12:35:43 IST" duration-ms="3638" status="PASS">
          <params>
            <param index="0">
              <value>
                <![CDATA[EDGE]]>
              </value>
            </param>
          </params>
          <reporter-output>
          </reporter-output>
        </test-method> <!-- startDriver -->
        <test-method signature="loginWithMultipleCredentials(java.lang.String, java.lang.String)[pri:0, instance:org.selenium.tests.LoginPageMultipleCredentialsTest@78b41097]" started-at="2024-04-04T12:35:44 IST" name="loginWithMultipleCredentials" data-provider="ValidData" finished-at="2024-04-04T12:35:52 IST" duration-ms="8002" status="PASS">
          <params>
            <param index="0">
              <value>
                <![CDATA[standard_user]]>
              </value>
            </param>
            <param index="1">
              <value>
                <![CDATA[secret_sauce]]>
              </value>
            </param>
          </params>
          <reporter-output>
          </reporter-output>
        </test-method> <!-- loginWithMultipleCredentials -->
        <test-method is-config="true" signature="quitDriver(java.lang.String, org.testng.ITestResult)[pri:0, instance:org.selenium.tests.LoginPageMultipleCredentialsTest@78b41097]" started-at="2024-04-04T12:35:52 IST" name="quitDriver" finished-at="2024-04-04T12:35:53 IST" duration-ms="1578" status="PASS">
          <params>
            <param index="0">
              <value>
                <![CDATA[EDGE]]>
              </value>
            </param>
            <param index="1">
              <value>
                <![CDATA[[TestResult name=loginWithMultipleCredentials status=SUCCESS method=LoginPageMultipleCredentialsTest.loginWithMultipleCredentials(java.lang.String, java.lang.String)[pri:0, instance:org.selenium.tests.LoginPageMultipleCredentialsTest@78b41097] output={null}]]]>
              </value>
            </param>
          </params>
          <reporter-output>
          </reporter-output>
        </test-method> <!-- quitDriver -->
        <test-method is-config="true" signature="startDriver(java.lang.String)[pri:0, instance:org.selenium.tests.LoginPageMultipleCredentialsTest@78b41097]" started-at="2024-04-04T12:35:53 IST" name="startDriver" finished-at="2024-04-04T12:35:57 IST" duration-ms="3579" status="PASS">
          <params>
            <param index="0">
              <value>
                <![CDATA[EDGE]]>
              </value>
            </param>
          </params>
          <reporter-output>
          </reporter-output>
        </test-method> <!-- startDriver -->
        <test-method signature="loginWithMultipleCredentials(java.lang.String, java.lang.String)[pri:0, instance:org.selenium.tests.LoginPageMultipleCredentialsTest@78b41097]" started-at="2024-04-04T12:35:57 IST" name="loginWithMultipleCredentials" data-provider="ValidData" finished-at="2024-04-04T12:36:02 IST" duration-ms="5467" status="PASS">
          <params>
            <param index="0">
              <value>
                <![CDATA[problem_user]]>
              </value>
            </param>
            <param index="1">
              <value>
                <![CDATA[secret_sauce]]>
              </value>
            </param>
          </params>
          <reporter-output>
          </reporter-output>
        </test-method> <!-- loginWithMultipleCredentials -->
        <test-method is-config="true" signature="quitDriver(java.lang.String, org.testng.ITestResult)[pri:0, instance:org.selenium.tests.LoginPageMultipleCredentialsTest@78b41097]" started-at="2024-04-04T12:36:02 IST" name="quitDriver" finished-at="2024-04-04T12:36:04 IST" duration-ms="1595" status="PASS">
          <params>
            <param index="0">
              <value>
                <![CDATA[EDGE]]>
              </value>
            </param>
            <param index="1">
              <value>
                <![CDATA[[TestResult name=loginWithMultipleCredentials status=SUCCESS method=LoginPageMultipleCredentialsTest.loginWithMultipleCredentials(java.lang.String, java.lang.String)[pri:0, instance:org.selenium.tests.LoginPageMultipleCredentialsTest@78b41097] output={null}]]]>
              </value>
            </param>
          </params>
          <reporter-output>
          </reporter-output>
        </test-method> <!-- quitDriver -->
        <test-method is-config="true" signature="startDriver(java.lang.String)[pri:0, instance:org.selenium.tests.LoginPageMultipleCredentialsTest@78b41097]" started-at="2024-04-04T12:36:04 IST" name="startDriver" finished-at="2024-04-04T12:36:07 IST" duration-ms="3130" status="PASS">
          <params>
            <param index="0">
              <value>
                <![CDATA[EDGE]]>
              </value>
            </param>
          </params>
          <reporter-output>
          </reporter-output>
        </test-method> <!-- startDriver -->
        <test-method signature="loginWithMultipleCredentials(java.lang.String, java.lang.String)[pri:0, instance:org.selenium.tests.LoginPageMultipleCredentialsTest@78b41097]" started-at="2024-04-04T12:36:07 IST" name="loginWithMultipleCredentials" data-provider="ValidData" finished-at="2024-04-04T12:36:18 IST" duration-ms="10789" status="PASS">
          <params>
            <param index="0">
              <value>
                <![CDATA[performance_glitch_user]]>
              </value>
            </param>
            <param index="1">
              <value>
                <![CDATA[secret_sauce]]>
              </value>
            </param>
          </params>
          <reporter-output>
          </reporter-output>
        </test-method> <!-- loginWithMultipleCredentials -->
        <test-method is-config="true" signature="quitDriver(java.lang.String, org.testng.ITestResult)[pri:0, instance:org.selenium.tests.LoginPageMultipleCredentialsTest@78b41097]" started-at="2024-04-04T12:36:18 IST" name="quitDriver" finished-at="2024-04-04T12:36:19 IST" duration-ms="1570" status="PASS">
          <params>
            <param index="0">
              <value>
                <![CDATA[EDGE]]>
              </value>
            </param>
            <param index="1">
              <value>
                <![CDATA[[TestResult name=loginWithMultipleCredentials status=SUCCESS method=LoginPageMultipleCredentialsTest.loginWithMultipleCredentials(java.lang.String, java.lang.String)[pri:0, instance:org.selenium.tests.LoginPageMultipleCredentialsTest@78b41097] output={null}]]]>
              </value>
            </param>
          </params>
          <reporter-output>
          </reporter-output>
        </test-method> <!-- quitDriver -->
        <test-method is-config="true" signature="startDriver(java.lang.String)[pri:0, instance:org.selenium.tests.LoginPageMultipleCredentialsTest@78b41097]" started-at="2024-04-04T12:36:19 IST" name="startDriver" finished-at="2024-04-04T12:36:24 IST" duration-ms="4837" status="PASS">
          <params>
            <param index="0">
              <value>
                <![CDATA[EDGE]]>
              </value>
            </param>
          </params>
          <reporter-output>
          </reporter-output>
        </test-method> <!-- startDriver -->
        <test-method signature="loginWithMultipleCredentials(java.lang.String, java.lang.String)[pri:0, instance:org.selenium.tests.LoginPageMultipleCredentialsTest@78b41097]" started-at="2024-04-04T12:36:24 IST" name="loginWithMultipleCredentials" data-provider="ValidData" finished-at="2024-04-04T12:36:30 IST" duration-ms="5916" status="PASS">
          <params>
            <param index="0">
              <value>
                <![CDATA[error_user]]>
              </value>
            </param>
            <param index="1">
              <value>
                <![CDATA[secret_sauce]]>
              </value>
            </param>
          </params>
          <reporter-output>
          </reporter-output>
        </test-method> <!-- loginWithMultipleCredentials -->
        <test-method is-config="true" signature="quitDriver(java.lang.String, org.testng.ITestResult)[pri:0, instance:org.selenium.tests.LoginPageMultipleCredentialsTest@78b41097]" started-at="2024-04-04T12:36:30 IST" name="quitDriver" finished-at="2024-04-04T12:36:32 IST" duration-ms="1570" status="PASS">
          <params>
            <param index="0">
              <value>
                <![CDATA[EDGE]]>
              </value>
            </param>
            <param index="1">
              <value>
                <![CDATA[[TestResult name=loginWithMultipleCredentials status=SUCCESS method=LoginPageMultipleCredentialsTest.loginWithMultipleCredentials(java.lang.String, java.lang.String)[pri:0, instance:org.selenium.tests.LoginPageMultipleCredentialsTest@78b41097] output={null}]]]>
              </value>
            </param>
          </params>
          <reporter-output>
          </reporter-output>
        </test-method> <!-- quitDriver -->
        <test-method is-config="true" signature="startDriver(java.lang.String)[pri:0, instance:org.selenium.tests.LoginPageMultipleCredentialsTest@78b41097]" started-at="2024-04-04T12:36:32 IST" name="startDriver" finished-at="2024-04-04T12:36:35 IST" duration-ms="3548" status="PASS">
          <params>
            <param index="0">
              <value>
                <![CDATA[EDGE]]>
              </value>
            </param>
          </params>
          <reporter-output>
          </reporter-output>
        </test-method> <!-- startDriver -->
        <test-method signature="loginWithMultipleCredentials(java.lang.String, java.lang.String)[pri:0, instance:org.selenium.tests.LoginPageMultipleCredentialsTest@78b41097]" started-at="2024-04-04T12:36:35 IST" name="loginWithMultipleCredentials" data-provider="ValidData" finished-at="2024-04-04T12:36:42 IST" duration-ms="6871" status="PASS">
          <params>
            <param index="0">
              <value>
                <![CDATA[visual_user]]>
              </value>
            </param>
            <param index="1">
              <value>
                <![CDATA[secret_sauce]]>
              </value>
            </param>
          </params>
          <reporter-output>
          </reporter-output>
        </test-method> <!-- loginWithMultipleCredentials -->
        <test-method is-config="true" signature="quitDriver(java.lang.String, org.testng.ITestResult)[pri:0, instance:org.selenium.tests.LoginPageMultipleCredentialsTest@78b41097]" started-at="2024-04-04T12:36:42 IST" name="quitDriver" finished-at="2024-04-04T12:36:44 IST" duration-ms="1720" status="PASS">
          <params>
            <param index="0">
              <value>
                <![CDATA[EDGE]]>
              </value>
            </param>
            <param index="1">
              <value>
                <![CDATA[[TestResult name=loginWithMultipleCredentials status=SUCCESS method=LoginPageMultipleCredentialsTest.loginWithMultipleCredentials(java.lang.String, java.lang.String)[pri:0, instance:org.selenium.tests.LoginPageMultipleCredentialsTest@78b41097] output={null}]]]>
              </value>
            </param>
          </params>
          <reporter-output>
          </reporter-output>
        </test-method> <!-- quitDriver -->
      </class> <!-- org.selenium.tests.LoginPageMultipleCredentialsTest -->
      <class name="org.selenium.tests.CheckoutPageValidationTest">
        <test-method is-config="true" signature="startDriver(java.lang.String)[pri:0, instance:org.selenium.tests.CheckoutPageValidationTest@6fd77352]" started-at="2024-04-04T12:32:23 IST" name="startDriver" finished-at="2024-04-04T12:32:38 IST" duration-ms="15008" status="PASS">
          <params>
            <param index="0">
              <value>
                <![CDATA[EDGE]]>
              </value>
            </param>
          </params>
          <reporter-output>
          </reporter-output>
        </test-method> <!-- startDriver -->
        <test-method signature="CheckOutValidation(java.lang.String, java.lang.String, java.lang.String)[pri:0, instance:org.selenium.tests.CheckoutPageValidationTest@6fd77352]" started-at="2024-04-04T12:32:38 IST" name="CheckOutValidation" data-provider="checkoutData" finished-at="2024-04-04T12:32:50 IST" duration-ms="12232" status="PASS">
          <params>
            <param index="0">
              <value>
                <![CDATA[John]]>
              </value>
            </param>
            <param index="1">
              <value>
                <![CDATA[Doe]]>
              </value>
            </param>
            <param index="2">
              <value>
                <![CDATA[12345]]>
              </value>
            </param>
          </params>
          <reporter-output>
          </reporter-output>
        </test-method> <!-- CheckOutValidation -->
        <test-method is-config="true" signature="quitDriver(java.lang.String, org.testng.ITestResult)[pri:0, instance:org.selenium.tests.CheckoutPageValidationTest@6fd77352]" started-at="2024-04-04T12:32:50 IST" name="quitDriver" finished-at="2024-04-04T12:32:54 IST" duration-ms="3137" status="PASS">
          <params>
            <param index="0">
              <value>
                <![CDATA[EDGE]]>
              </value>
            </param>
            <param index="1">
              <value>
                <![CDATA[[TestResult name=CheckOutValidation status=SUCCESS method=CheckoutPageValidationTest.CheckOutValidation(java.lang.String, java.lang.String, java.lang.String)[pri:0, instance:org.selenium.tests.CheckoutPageValidationTest@6fd77352] output={null}]]]>
              </value>
            </param>
          </params>
          <reporter-output>
          </reporter-output>
        </test-method> <!-- quitDriver -->
        <test-method is-config="true" signature="startDriver(java.lang.String)[pri:0, instance:org.selenium.tests.CheckoutPageValidationTest@6fd77352]" started-at="2024-04-04T12:32:54 IST" name="startDriver" finished-at="2024-04-04T12:32:58 IST" duration-ms="4612" status="PASS">
          <params>
            <param index="0">
              <value>
                <![CDATA[EDGE]]>
              </value>
            </param>
          </params>
          <reporter-output>
          </reporter-output>
        </test-method> <!-- startDriver -->
        <test-method signature="CheckOutValidation(java.lang.String, java.lang.String, java.lang.String)[pri:0, instance:org.selenium.tests.CheckoutPageValidationTest@6fd77352]" started-at="2024-04-04T12:32:58 IST" name="CheckOutValidation" data-provider="checkoutData" finished-at="2024-04-04T12:33:09 IST" duration-ms="10916" status="PASS">
          <params>
            <param index="0">
              <value>
                <![CDATA[Jane]]>
              </value>
            </param>
            <param index="1">
              <value>
                <![CDATA[Smith]]>
              </value>
            </param>
            <param index="2">
              <value>
                <![CDATA[67890]]>
              </value>
            </param>
          </params>
          <reporter-output>
          </reporter-output>
        </test-method> <!-- CheckOutValidation -->
        <test-method is-config="true" signature="quitDriver(java.lang.String, org.testng.ITestResult)[pri:0, instance:org.selenium.tests.CheckoutPageValidationTest@6fd77352]" started-at="2024-04-04T12:33:09 IST" name="quitDriver" finished-at="2024-04-04T12:33:15 IST" duration-ms="6017" status="PASS">
          <params>
            <param index="0">
              <value>
                <![CDATA[EDGE]]>
              </value>
            </param>
            <param index="1">
              <value>
                <![CDATA[[TestResult name=CheckOutValidation status=SUCCESS method=CheckoutPageValidationTest.CheckOutValidation(java.lang.String, java.lang.String, java.lang.String)[pri:0, instance:org.selenium.tests.CheckoutPageValidationTest@6fd77352] output={null}]]]>
              </value>
            </param>
          </params>
          <reporter-output>
          </reporter-output>
        </test-method> <!-- quitDriver -->
        <test-method is-config="true" signature="startDriver(java.lang.String)[pri:0, instance:org.selenium.tests.CheckoutPageValidationTest@6fd77352]" started-at="2024-04-04T12:33:15 IST" name="startDriver" finished-at="2024-04-04T12:33:19 IST" duration-ms="3753" status="PASS">
          <params>
            <param index="0">
              <value>
                <![CDATA[EDGE]]>
              </value>
            </param>
          </params>
          <reporter-output>
          </reporter-output>
        </test-method> <!-- startDriver -->
        <test-method signature="CheckOutValidation(java.lang.String, java.lang.String, java.lang.String)[pri:0, instance:org.selenium.tests.CheckoutPageValidationTest@6fd77352]" started-at="2024-04-04T12:33:19 IST" name="CheckOutValidation" data-provider="checkoutData" finished-at="2024-04-04T12:33:29 IST" duration-ms="9864" status="PASS">
          <params>
            <param index="0">
              <value>
                <![CDATA[Alice]]>
              </value>
            </param>
            <param index="1">
              <value>
                <![CDATA[Johnson]]>
              </value>
            </param>
            <param index="2">
              <value>
                <![CDATA[54321]]>
              </value>
            </param>
          </params>
          <reporter-output>
          </reporter-output>
        </test-method> <!-- CheckOutValidation -->
        <test-method is-config="true" signature="quitDriver(java.lang.String, org.testng.ITestResult)[pri:0, instance:org.selenium.tests.CheckoutPageValidationTest@6fd77352]" started-at="2024-04-04T12:33:29 IST" name="quitDriver" finished-at="2024-04-04T12:33:31 IST" duration-ms="2011" status="PASS">
          <params>
            <param index="0">
              <value>
                <![CDATA[EDGE]]>
              </value>
            </param>
            <param index="1">
              <value>
                <![CDATA[[TestResult name=CheckOutValidation status=SUCCESS method=CheckoutPageValidationTest.CheckOutValidation(java.lang.String, java.lang.String, java.lang.String)[pri:0, instance:org.selenium.tests.CheckoutPageValidationTest@6fd77352] output={null}]]]>
              </value>
            </param>
          </params>
          <reporter-output>
          </reporter-output>
        </test-method> <!-- quitDriver -->
        <test-method is-config="true" signature="startDriver(java.lang.String)[pri:0, instance:org.selenium.tests.CheckoutPageValidationTest@6fd77352]" started-at="2024-04-04T12:33:31 IST" name="startDriver" finished-at="2024-04-04T12:33:35 IST" duration-ms="3719" status="PASS">
          <params>
            <param index="0">
              <value>
                <![CDATA[EDGE]]>
              </value>
            </param>
          </params>
          <reporter-output>
          </reporter-output>
        </test-method> <!-- startDriver -->
        <test-method signature="CheckOutValidation(java.lang.String, java.lang.String, java.lang.String)[pri:0, instance:org.selenium.tests.CheckoutPageValidationTest@6fd77352]" started-at="2024-04-04T12:33:35 IST" name="CheckOutValidation" data-provider="checkoutData" finished-at="2024-04-04T12:33:42 IST" duration-ms="7892" status="PASS">
          <params>
            <param index="0">
              <value>
                <![CDATA[Bob]]>
              </value>
            </param>
            <param index="1">
              <value>
                <![CDATA[Williams]]>
              </value>
            </param>
            <param index="2">
              <value>
                <![CDATA[98765]]>
              </value>
            </param>
          </params>
          <reporter-output>
          </reporter-output>
        </test-method> <!-- CheckOutValidation -->
        <test-method is-config="true" signature="quitDriver(java.lang.String, org.testng.ITestResult)[pri:0, instance:org.selenium.tests.CheckoutPageValidationTest@6fd77352]" started-at="2024-04-04T12:33:42 IST" name="quitDriver" finished-at="2024-04-04T12:33:44 IST" duration-ms="1680" status="PASS">
          <params>
            <param index="0">
              <value>
                <![CDATA[EDGE]]>
              </value>
            </param>
            <param index="1">
              <value>
                <![CDATA[[TestResult name=CheckOutValidation status=SUCCESS method=CheckoutPageValidationTest.CheckOutValidation(java.lang.String, java.lang.String, java.lang.String)[pri:0, instance:org.selenium.tests.CheckoutPageValidationTest@6fd77352] output={null}]]]>
              </value>
            </param>
          </params>
          <reporter-output>
          </reporter-output>
        </test-method> <!-- quitDriver -->
        <test-method is-config="true" signature="startDriver(java.lang.String)[pri:0, instance:org.selenium.tests.CheckoutPageValidationTest@6fd77352]" started-at="2024-04-04T12:33:44 IST" name="startDriver" finished-at="2024-04-04T12:33:48 IST" duration-ms="3435" status="PASS">
          <params>
            <param index="0">
              <value>
                <![CDATA[EDGE]]>
              </value>
            </param>
          </params>
          <reporter-output>
          </reporter-output>
        </test-method> <!-- startDriver -->
        <test-method signature="CheckOutValidation(java.lang.String, java.lang.String, java.lang.String)[pri:0, instance:org.selenium.tests.CheckoutPageValidationTest@6fd77352]" started-at="2024-04-04T12:33:48 IST" name="CheckOutValidation" data-provider="checkoutData" finished-at="2024-04-04T12:33:57 IST" duration-ms="9331" status="PASS">
          <params>
            <param index="0">
              <value>
                <![CDATA[Emily]]>
              </value>
            </param>
            <param index="1">
              <value>
                <![CDATA[Brown]]>
              </value>
            </param>
            <param index="2">
              <value>
                <![CDATA[13579]]>
              </value>
            </param>
          </params>
          <reporter-output>
          </reporter-output>
        </test-method> <!-- CheckOutValidation -->
        <test-method is-config="true" signature="quitDriver(java.lang.String, org.testng.ITestResult)[pri:0, instance:org.selenium.tests.CheckoutPageValidationTest@6fd77352]" started-at="2024-04-04T12:33:57 IST" name="quitDriver" finished-at="2024-04-04T12:33:59 IST" duration-ms="1770" status="PASS">
          <params>
            <param index="0">
              <value>
                <![CDATA[EDGE]]>
              </value>
            </param>
            <param index="1">
              <value>
                <![CDATA[[TestResult name=CheckOutValidation status=SUCCESS method=CheckoutPageValidationTest.CheckOutValidation(java.lang.String, java.lang.String, java.lang.String)[pri:0, instance:org.selenium.tests.CheckoutPageValidationTest@6fd77352] output={null}]]]>
              </value>
            </param>
          </params>
          <reporter-output>
          </reporter-output>
        </test-method> <!-- quitDriver -->
        <test-method is-config="true" signature="startDriver(java.lang.String)[pri:0, instance:org.selenium.tests.CheckoutPageValidationTest@6fd77352]" started-at="2024-04-04T12:33:59 IST" name="startDriver" finished-at="2024-04-04T12:34:01 IST" duration-ms="2786" status="PASS">
          <params>
            <param index="0">
              <value>
                <![CDATA[EDGE]]>
              </value>
            </param>
          </params>
          <reporter-output>
          </reporter-output>
        </test-method> <!-- startDriver -->
        <test-method signature="CheckOutValidation(java.lang.String, java.lang.String, java.lang.String)[pri:0, instance:org.selenium.tests.CheckoutPageValidationTest@6fd77352]" started-at="2024-04-04T12:34:02 IST" name="CheckOutValidation" data-provider="checkoutData" finished-at="2024-04-04T12:34:10 IST" duration-ms="8483" status="PASS">
          <params>
            <param index="0">
              <value>
                <![CDATA[Michael]]>
              </value>
            </param>
            <param index="1">
              <value>
                <![CDATA[Jones]]>
              </value>
            </param>
            <param index="2">
              <value>
                <![CDATA[24680]]>
              </value>
            </param>
          </params>
          <reporter-output>
          </reporter-output>
        </test-method> <!-- CheckOutValidation -->
        <test-method is-config="true" signature="quitDriver(java.lang.String, org.testng.ITestResult)[pri:0, instance:org.selenium.tests.CheckoutPageValidationTest@6fd77352]" started-at="2024-04-04T12:34:10 IST" name="quitDriver" finished-at="2024-04-04T12:34:12 IST" duration-ms="1590" status="PASS">
          <params>
            <param index="0">
              <value>
                <![CDATA[EDGE]]>
              </value>
            </param>
            <param index="1">
              <value>
                <![CDATA[[TestResult name=CheckOutValidation status=SUCCESS method=CheckoutPageValidationTest.CheckOutValidation(java.lang.String, java.lang.String, java.lang.String)[pri:0, instance:org.selenium.tests.CheckoutPageValidationTest@6fd77352] output={null}]]]>
              </value>
            </param>
          </params>
          <reporter-output>
          </reporter-output>
        </test-method> <!-- quitDriver -->
        <test-method is-config="true" signature="startDriver(java.lang.String)[pri:0, instance:org.selenium.tests.CheckoutPageValidationTest@6fd77352]" started-at="2024-04-04T12:34:12 IST" name="startDriver" finished-at="2024-04-04T12:34:15 IST" duration-ms="3444" status="PASS">
          <params>
            <param index="0">
              <value>
                <![CDATA[EDGE]]>
              </value>
            </param>
          </params>
          <reporter-output>
          </reporter-output>
        </test-method> <!-- startDriver -->
        <test-method signature="CheckOutValidation(java.lang.String, java.lang.String, java.lang.String)[pri:0, instance:org.selenium.tests.CheckoutPageValidationTest@6fd77352]" started-at="2024-04-04T12:34:15 IST" name="CheckOutValidation" data-provider="checkoutData" finished-at="2024-04-04T12:34:25 IST" duration-ms="9592" status="PASS">
          <params>
            <param index="0">
              <value>
                <![CDATA[Sarah]]>
              </value>
            </param>
            <param index="1">
              <value>
                <![CDATA[Davis]]>
              </value>
            </param>
            <param index="2">
              <value>
                <![CDATA[97531]]>
              </value>
            </param>
          </params>
          <reporter-output>
          </reporter-output>
        </test-method> <!-- CheckOutValidation -->
        <test-method is-config="true" signature="quitDriver(java.lang.String, org.testng.ITestResult)[pri:0, instance:org.selenium.tests.CheckoutPageValidationTest@6fd77352]" started-at="2024-04-04T12:34:25 IST" name="quitDriver" finished-at="2024-04-04T12:34:26 IST" duration-ms="1741" status="PASS">
          <params>
            <param index="0">
              <value>
                <![CDATA[EDGE]]>
              </value>
            </param>
            <param index="1">
              <value>
                <![CDATA[[TestResult name=CheckOutValidation status=SUCCESS method=CheckoutPageValidationTest.CheckOutValidation(java.lang.String, java.lang.String, java.lang.String)[pri:0, instance:org.selenium.tests.CheckoutPageValidationTest@6fd77352] output={null}]]]>
              </value>
            </param>
          </params>
          <reporter-output>
          </reporter-output>
        </test-method> <!-- quitDriver -->
      </class> <!-- org.selenium.tests.CheckoutPageValidationTest -->
      <class name="org.selenium.tests.LoginPageLogoutTest">
        <test-method is-config="true" signature="startDriver(java.lang.String)[pri:0, instance:org.selenium.tests.LoginPageLogoutTest@3f672204]" started-at="2024-04-04T12:35:08 IST" name="startDriver" finished-at="2024-04-04T12:35:14 IST" duration-ms="5508" status="PASS">
          <params>
            <param index="0">
              <value>
                <![CDATA[EDGE]]>
              </value>
            </param>
          </params>
          <reporter-output>
          </reporter-output>
        </test-method> <!-- startDriver -->
        <test-method signature="loginAndLogout()[pri:0, instance:org.selenium.tests.LoginPageLogoutTest@3f672204]" started-at="2024-04-04T12:35:14 IST" name="loginAndLogout" finished-at="2024-04-04T12:35:29 IST" duration-ms="14588" status="PASS">
          <reporter-output>
          </reporter-output>
        </test-method> <!-- loginAndLogout -->
        <test-method is-config="true" signature="quitDriver(java.lang.String, org.testng.ITestResult)[pri:0, instance:org.selenium.tests.LoginPageLogoutTest@3f672204]" started-at="2024-04-04T12:35:29 IST" name="quitDriver" finished-at="2024-04-04T12:35:39 IST" duration-ms="10820" status="PASS">
          <params>
            <param index="0">
              <value>
                <![CDATA[EDGE]]>
              </value>
            </param>
            <param index="1">
              <value>
                <![CDATA[[TestResult name=loginAndLogout status=SUCCESS method=LoginPageLogoutTest.loginAndLogout()[pri:0, instance:org.selenium.tests.LoginPageLogoutTest@3f672204] output={null}]]]>
              </value>
            </param>
          </params>
          <reporter-output>
          </reporter-output>
        </test-method> <!-- quitDriver -->
      </class> <!-- org.selenium.tests.LoginPageLogoutTest -->
      <class name="org.selenium.tests.LoginPageInvalidCredentialsTest">
        <test-method is-config="true" signature="startDriver(java.lang.String)[pri:0, instance:org.selenium.tests.LoginPageInvalidCredentialsTest@5109e8cf]" started-at="2024-04-04T12:34:27 IST" name="startDriver" finished-at="2024-04-04T12:34:31 IST" duration-ms="4264" status="PASS">
          <params>
            <param index="0">
              <value>
                <![CDATA[EDGE]]>
              </value>
            </param>
          </params>
          <reporter-output>
          </reporter-output>
        </test-method> <!-- startDriver -->
        <test-method signature="loginWithInvalidCredentialsValidation(java.lang.String, java.lang.String)[pri:0, instance:org.selenium.tests.LoginPageInvalidCredentialsTest@5109e8cf]" started-at="2024-04-04T12:34:31 IST" name="loginWithInvalidCredentialsValidation" data-provider="InvalidData" finished-at="2024-04-04T12:34:34 IST" duration-ms="3668" status="PASS">
          <params>
            <param index="0">
              <value>
                <![CDATA[standard_user]]>
              </value>
            </param>
            <param index="1">
              <value>
                <![CDATA[secret_sauc]]>
              </value>
            </param>
          </params>
          <reporter-output>
          </reporter-output>
        </test-method> <!-- loginWithInvalidCredentialsValidation -->
        <test-method is-config="true" signature="quitDriver(java.lang.String, org.testng.ITestResult)[pri:0, instance:org.selenium.tests.LoginPageInvalidCredentialsTest@5109e8cf]" started-at="2024-04-04T12:34:35 IST" name="quitDriver" finished-at="2024-04-04T12:34:36 IST" duration-ms="1511" status="PASS">
          <params>
            <param index="0">
              <value>
                <![CDATA[EDGE]]>
              </value>
            </param>
            <param index="1">
              <value>
                <![CDATA[[TestResult name=loginWithInvalidCredentialsValidation status=SUCCESS method=LoginPageInvalidCredentialsTest.loginWithInvalidCredentialsValidation(java.lang.String, java.lang.String)[pri:0, instance:org.selenium.tests.LoginPageInvalidCredentialsTest@5109e8cf] output={null}]]]>
              </value>
            </param>
          </params>
          <reporter-output>
          </reporter-output>
        </test-method> <!-- quitDriver -->
        <test-method is-config="true" signature="startDriver(java.lang.String)[pri:0, instance:org.selenium.tests.LoginPageInvalidCredentialsTest@5109e8cf]" started-at="2024-04-04T12:34:36 IST" name="startDriver" finished-at="2024-04-04T12:34:39 IST" duration-ms="2796" status="PASS">
          <params>
            <param index="0">
              <value>
                <![CDATA[EDGE]]>
              </value>
            </param>
          </params>
          <reporter-output>
          </reporter-output>
        </test-method> <!-- startDriver -->
        <test-method signature="loginWithInvalidCredentialsValidation(java.lang.String, java.lang.String)[pri:0, instance:org.selenium.tests.LoginPageInvalidCredentialsTest@5109e8cf]" started-at="2024-04-04T12:34:39 IST" name="loginWithInvalidCredentialsValidation" data-provider="InvalidData" finished-at="2024-04-04T12:34:42 IST" duration-ms="3067" status="PASS">
          <params>
            <param index="0">
              <value>
                <![CDATA[problem_user]]>
              </value>
            </param>
            <param index="1">
              <value>
                <![CDATA[secret_sauc]]>
              </value>
            </param>
          </params>
          <reporter-output>
          </reporter-output>
        </test-method> <!-- loginWithInvalidCredentialsValidation -->
        <test-method is-config="true" signature="quitDriver(java.lang.String, org.testng.ITestResult)[pri:0, instance:org.selenium.tests.LoginPageInvalidCredentialsTest@5109e8cf]" started-at="2024-04-04T12:34:42 IST" name="quitDriver" finished-at="2024-04-04T12:34:44 IST" duration-ms="1611" status="PASS">
          <params>
            <param index="0">
              <value>
                <![CDATA[EDGE]]>
              </value>
            </param>
            <param index="1">
              <value>
                <![CDATA[[TestResult name=loginWithInvalidCredentialsValidation status=SUCCESS method=LoginPageInvalidCredentialsTest.loginWithInvalidCredentialsValidation(java.lang.String, java.lang.String)[pri:0, instance:org.selenium.tests.LoginPageInvalidCredentialsTest@5109e8cf] output={null}]]]>
              </value>
            </param>
          </params>
          <reporter-output>
          </reporter-output>
        </test-method> <!-- quitDriver -->
        <test-method is-config="true" signature="startDriver(java.lang.String)[pri:0, instance:org.selenium.tests.LoginPageInvalidCredentialsTest@5109e8cf]" started-at="2024-04-04T12:34:44 IST" name="startDriver" finished-at="2024-04-04T12:34:46 IST" duration-ms="2630" status="PASS">
          <params>
            <param index="0">
              <value>
                <![CDATA[EDGE]]>
              </value>
            </param>
          </params>
          <reporter-output>
          </reporter-output>
        </test-method> <!-- startDriver -->
        <test-method signature="loginWithInvalidCredentialsValidation(java.lang.String, java.lang.String)[pri:0, instance:org.selenium.tests.LoginPageInvalidCredentialsTest@5109e8cf]" started-at="2024-04-04T12:34:46 IST" name="loginWithInvalidCredentialsValidation" data-provider="InvalidData" finished-at="2024-04-04T12:34:50 IST" duration-ms="3421" status="PASS">
          <params>
            <param index="0">
              <value>
                <![CDATA[performance_glitch_user]]>
              </value>
            </param>
            <param index="1">
              <value>
                <![CDATA[secret_sauc]]>
              </value>
            </param>
          </params>
          <reporter-output>
          </reporter-output>
        </test-method> <!-- loginWithInvalidCredentialsValidation -->
        <test-method is-config="true" signature="quitDriver(java.lang.String, org.testng.ITestResult)[pri:0, instance:org.selenium.tests.LoginPageInvalidCredentialsTest@5109e8cf]" started-at="2024-04-04T12:34:50 IST" name="quitDriver" finished-at="2024-04-04T12:34:51 IST" duration-ms="1505" status="PASS">
          <params>
            <param index="0">
              <value>
                <![CDATA[EDGE]]>
              </value>
            </param>
            <param index="1">
              <value>
                <![CDATA[[TestResult name=loginWithInvalidCredentialsValidation status=SUCCESS method=LoginPageInvalidCredentialsTest.loginWithInvalidCredentialsValidation(java.lang.String, java.lang.String)[pri:0, instance:org.selenium.tests.LoginPageInvalidCredentialsTest@5109e8cf] output={null}]]]>
              </value>
            </param>
          </params>
          <reporter-output>
          </reporter-output>
        </test-method> <!-- quitDriver -->
        <test-method is-config="true" signature="startDriver(java.lang.String)[pri:0, instance:org.selenium.tests.LoginPageInvalidCredentialsTest@5109e8cf]" started-at="2024-04-04T12:34:51 IST" name="startDriver" finished-at="2024-04-04T12:34:54 IST" duration-ms="3101" status="PASS">
          <params>
            <param index="0">
              <value>
                <![CDATA[EDGE]]>
              </value>
            </param>
          </params>
          <reporter-output>
          </reporter-output>
        </test-method> <!-- startDriver -->
        <test-method signature="loginWithInvalidCredentialsValidation(java.lang.String, java.lang.String)[pri:0, instance:org.selenium.tests.LoginPageInvalidCredentialsTest@5109e8cf]" started-at="2024-04-04T12:34:54 IST" name="loginWithInvalidCredentialsValidation" data-provider="InvalidData" finished-at="2024-04-04T12:34:57 IST" duration-ms="2817" status="PASS">
          <params>
            <param index="0">
              <value>
                <![CDATA[error_user]]>
              </value>
            </param>
            <param index="1">
              <value>
                <![CDATA[secret_sauc]]>
              </value>
            </param>
          </params>
          <reporter-output>
          </reporter-output>
        </test-method> <!-- loginWithInvalidCredentialsValidation -->
        <test-method is-config="true" signature="quitDriver(java.lang.String, org.testng.ITestResult)[pri:0, instance:org.selenium.tests.LoginPageInvalidCredentialsTest@5109e8cf]" started-at="2024-04-04T12:34:57 IST" name="quitDriver" finished-at="2024-04-04T12:34:59 IST" duration-ms="1462" status="PASS">
          <params>
            <param index="0">
              <value>
                <![CDATA[EDGE]]>
              </value>
            </param>
            <param index="1">
              <value>
                <![CDATA[[TestResult name=loginWithInvalidCredentialsValidation status=SUCCESS method=LoginPageInvalidCredentialsTest.loginWithInvalidCredentialsValidation(java.lang.String, java.lang.String)[pri:0, instance:org.selenium.tests.LoginPageInvalidCredentialsTest@5109e8cf] output={null}]]]>
              </value>
            </param>
          </params>
          <reporter-output>
          </reporter-output>
        </test-method> <!-- quitDriver -->
        <test-method is-config="true" signature="startDriver(java.lang.String)[pri:0, instance:org.selenium.tests.LoginPageInvalidCredentialsTest@5109e8cf]" started-at="2024-04-04T12:34:59 IST" name="startDriver" finished-at="2024-04-04T12:35:02 IST" duration-ms="3044" status="PASS">
          <params>
            <param index="0">
              <value>
                <![CDATA[EDGE]]>
              </value>
            </param>
          </params>
          <reporter-output>
          </reporter-output>
        </test-method> <!-- startDriver -->
        <test-method signature="loginWithInvalidCredentialsValidation(java.lang.String, java.lang.String)[pri:0, instance:org.selenium.tests.LoginPageInvalidCredentialsTest@5109e8cf]" started-at="2024-04-04T12:35:02 IST" name="loginWithInvalidCredentialsValidation" data-provider="InvalidData" finished-at="2024-04-04T12:35:07 IST" duration-ms="5323" status="PASS">
          <params>
            <param index="0">
              <value>
                <![CDATA[visual_user]]>
              </value>
            </param>
            <param index="1">
              <value>
                <![CDATA[secret_sauc]]>
              </value>
            </param>
          </params>
          <reporter-output>
          </reporter-output>
        </test-method> <!-- loginWithInvalidCredentialsValidation -->
        <test-method is-config="true" signature="quitDriver(java.lang.String, org.testng.ITestResult)[pri:0, instance:org.selenium.tests.LoginPageInvalidCredentialsTest@5109e8cf]" started-at="2024-04-04T12:35:07 IST" name="quitDriver" finished-at="2024-04-04T12:35:08 IST" duration-ms="1427" status="PASS">
          <params>
            <param index="0">
              <value>
                <![CDATA[EDGE]]>
              </value>
            </param>
            <param index="1">
              <value>
                <![CDATA[[TestResult name=loginWithInvalidCredentialsValidation status=SUCCESS method=LoginPageInvalidCredentialsTest.loginWithInvalidCredentialsValidation(java.lang.String, java.lang.String)[pri:0, instance:org.selenium.tests.LoginPageInvalidCredentialsTest@5109e8cf] output={null}]]]>
              </value>
            </param>
          </params>
          <reporter-output>
          </reporter-output>
        </test-method> <!-- quitDriver -->
      </class> <!-- org.selenium.tests.LoginPageInvalidCredentialsTest -->
    </test> <!-- Regression Tests execution over chrome Browser -->
  </suite> <!-- Automation Test Suite -->
</testng-results>
